Arguments: 
  /Users/msi/.nvm/versions/node/v11.15.0/bin/node /usr/local/Cellar/yarn/1.3.2/libexec/bin/yarn.js add Dexie

PATH: 
  /Library/Frameworks/Python.framework/Versions/3.6/bin:/Library/Frameworks/Python.framework/Versions/3.6/bin:/Users/msi/.nvm/versions/node/v11.15.0/bin:/Users/msi/.rvm/gems/ruby-2.4.1/bin:/Users/msi/.rvm/gems/ruby-2.4.1@global/bin:/Users/msi/.rvm/rubies/ruby-2.4.1/bin:/usr/local/bin:/usr/bin:/bin:/usr/sbin:/sbin:/Applications/VMware Fusion.app/Contents/Public:/usr/local/share/dotnet:~/.dotnet/tools:/Library/Frameworks/Mono.framework/Versions/Current/Commands:/Users/msi/.rvm/bin:/Users/msi/.rvm/bin:/opt/metasploit-framework/bin:/opt/metasploit-framework/bin

Yarn version: 
  1.3.2

Node version: 
  11.15.0

Platform: 
  darwin x64

npm manifest: 
  {
    "devDependencies": {
      "babel-core": "^6.26.3",
      "babel-preset-env": "^1.7.0"
    }
  }

yarn manifest: 
  No manifest

Lockfile: 
  No lockfile

Trace: 
  Error: https://registry.yarnpkg.com/Dexie: Not found
      at Request.params.callback [as _callback] (/usr/local/Cellar/yarn/1.3.2/libexec/lib/cli.js:62098:18)
      at Request.self.callback (/usr/local/Cellar/yarn/1.3.2/libexec/lib/cli.js:123085:22)
      at Request.emit (events.js:193:13)
      at Request.<anonymous> (/usr/local/Cellar/yarn/1.3.2/libexec/lib/cli.js:124068:10)
      at Request.emit (events.js:193:13)
      at IncomingMessage.<anonymous> (/usr/local/Cellar/yarn/1.3.2/libexec/lib/cli.js:123988:12)
      at Object.onceWrapper (events.js:281:20)
      at IncomingMessage.emit (events.js:198:15)
      at endReadableNT (_stream_readable.js:1139:12)
      at processTicksAndRejections (internal/process/task_queues.js:81:17)
